  main.cpp
C:\Users\05lan\Desktop\Programowanie_C++\Lab_6_Ksiazek\main.cpp(2,10): error C1083: Cannot open include file: 'Person.hpp': No such file or directory
  Person.cpp
C:\Users\05lan\Desktop\Programowanie_C++\Lab_6_Ksiazek\Person.cpp(5,1): error C2653: 'Person': is not a class or namespace name
C:\Users\05lan\Desktop\Programowanie_C++\Lab_6_Ksiazek\Person.cpp(6,1): error C4430: missing type specifier - int assumed. Note: C++ does not support default-int
C:\Users\05lan\Desktop\Programowanie_C++\Lab_6_Ksiazek\Person.cpp(7,2): error C2355: 'this': can only be referenced inside non-static member functions or non-static data member initializers
C:\Users\05lan\Desktop\Programowanie_C++\Lab_6_Ksiazek\Person.cpp(8,2): error C2355: 'this': can only be referenced inside non-static member functions or non-static data member initializers
C:\Users\05lan\Desktop\Programowanie_C++\Lab_6_Ksiazek\Person.cpp(9,2): error C2355: 'this': can only be referenced inside non-static member functions or non-static data member initializers
C:\Users\05lan\Desktop\Programowanie_C++\Lab_6_Ksiazek\Person.cpp(10,1): warning C4508: 'Person': function should return a value; 'void' return type assumed
C:\Users\05lan\Desktop\Programowanie_C++\Lab_6_Ksiazek\Person.cpp(12,1): error C2653: 'Person': is not a class or namespace name
C:\Users\05lan\Desktop\Programowanie_C++\Lab_6_Ksiazek\Person.cpp(12,64): error C4430: missing type specifier - int assumed. Note: C++ does not support default-int
C:\Users\05lan\Desktop\Programowanie_C++\Lab_6_Ksiazek\Person.cpp(13,1): error C2550: 'Person': constructor initializer lists are only allowed on constructor definitions
C:\Users\05lan\Desktop\Programowanie_C++\Lab_6_Ksiazek\Person.cpp(14,1): warning C4508: 'Person': function should return a value; 'void' return type assumed
C:\Users\05lan\Desktop\Programowanie_C++\Lab_6_Ksiazek\Person.cpp(17,6): error C2653: 'Person': is not a class or namespace name
C:\Users\05lan\Desktop\Programowanie_C++\Lab_6_Ksiazek\Person.cpp(19,27): error C2355: 'this': can only be referenced inside non-static member functions or non-static data member initializers
C:\Users\05lan\Desktop\Programowanie_C++\Lab_6_Ksiazek\Person.cpp(20,30): error C2355: 'this': can only be referenced inside non-static member functions or non-static data member initializers
C:\Users\05lan\Desktop\Programowanie_C++\Lab_6_Ksiazek\Person.cpp(21,26): error C2355: 'this': can only be referenced inside non-static member functions or non-static data member initializers
C:\Users\05lan\Desktop\Programowanie_C++\Lab_6_Ksiazek\Person.cpp(12,9): error C2084: function 'Person::Person(std::string,std::string,int)' already has a body
  C:\Users\05lan\Desktop\Programowanie_C++\Lab_6_Ksiazek\Person.h(15,2):
  see previous definition of '{ctor}'
  
  Generating Code...
